Using pre-set license
Built from '2020.3/release' branch; Version is '2020.3.12f1 (b3b2c6512326) revision 11776710'; Using compiler version '192528614'; Build Type 'Release'
OS: 'Windows 10 Home; OS build 19043.1165; Version 2009; 64bit' Language: 'ko' Physical Memory: 12174 MB
BatchMode: 1, IsHumanControllingUs: 0, StartBugReporterOnCrash: 0, Is64bit: 1, IsPro: 0

 COMMAND LINE ARGUMENTS:
C:\Program Files\Unity\Hub\Editor\2020.3.12f1\Editor\Unity.exe
-adb2
-batchMode
-noUpm
-name
AssetImportWorker0
-projectPath
C:/Users/becca/Desktop/ARMenu-Unity-ARContent/DB_AR_APP
-logFile
Logs/AssetImportWorker0.log
-srvPort
49533
Successfully changed project path to: C:/Users/becca/Desktop/ARMenu-Unity-ARContent/DB_AR_APP
C:/Users/becca/Desktop/ARMenu-Unity-ARContent/DB_AR_APP
Using Asset Import Pipeline V2.
The file 'UserSettings/EditorUserSettings.asset' seems to have merge conflicts. Please open it in a text editor and fix the merge.

Refreshing native plugins compatible for Editor in 162.39 ms, found 2 plugins.
Preloading 0 native plugins for Editor in 0.00 ms.
Initialize engine version: 2020.3.12f1 (b3b2c6512326)
[Subsystems] Discovering subsystems at path C:/Program Files/Unity/Hub/Editor/2020.3.12f1/Editor/Data/Resources/UnitySubsystems
[Subsystems] Discovering subsystems at path C:/Users/becca/Desktop/ARMenu-Unity-ARContent/DB_AR_APP/Assets
GfxDevice: creating device client; threaded=0
Direct3D:
    Version:  Direct3D 11.0 [level 11.1]
    Renderer: Intel(R) UHD Graphics 620 (ID=0x3ea0)
    Vendor:   
    VRAM:     6087 MB
    Driver:   27.20.100.8853
Shader 'Universal Render Pipeline/Particles/Lit': fallback shader 'Universal Render Pipeline/Particles/SimpleLit' not found
Initialize mono
Mono path[0] = 'C:/Program Files/Unity/Hub/Editor/2020.3.12f1/Editor/Data/Managed'
Mono path[1] = 'C:/Program Files/Unity/Hub/Editor/2020.3.12f1/Editor/Data/MonoBleedingEdge/lib/mono/unityjit'
Mono config path = 'C:/Program Files/Unity/Hub/Editor/2020.3.12f1/Editor/Data/MonoBleedingEdge/etc'
Using monoOptions --debugger-agent=transport=dt_socket,embedding=1,server=y,suspend=n,address=127.0.0.1:56000
Begin MonoManager ReloadAssembly
Registering precompiled unity dll's ...
Register platform support module: C:/Program Files/Unity/Hub/Editor/2020.3.12f1/Editor/Data/PlaybackEngines/WebGLSupport/UnityEditor.WebGL.Extensions.dll
Register platform support module: C:/Program Files/Unity/Hub/Editor/2020.3.12f1/Editor/Data/PlaybackEngines/WindowsStandaloneSupport/UnityEditor.WindowsStandalone.Extensions.dll
Registered in 0.006743 seconds.
Native extension for WindowsStandalone target not found
Native extension for WebGL target not found
Refreshing native plugins compatible for Editor in 130.29 ms, found 2 plugins.
Preloading 0 native plugins for Editor in 0.00 ms.
Mono: successfully reloaded assembly
- Completed reload, in  5.368 seconds
Platform modules already initialized, skipping
Registering precompiled user dll's ...
Registered in 0.018948 seconds.
Begin MonoManager ReloadAssembly
Native extension for WindowsStandalone target not found
Native extension for WebGL target not found
Refreshing native plugins compatible for Editor in 81.35 ms, found 2 plugins.
Preloading 0 native plugins for Editor in 0.00 ms.
Mono: successfully reloaded assembly
- Completed reload, in  1.567 seconds
Platform modules already initialized, skipping
========================================================================
Worker process is ready to serve import requests
Shader 'Universal Render Pipeline/Particles/Lit': fallback shader 'Universal Render Pipeline/Particles/SimpleLit' not found
Launched and connected shader compiler UnityShaderCompiler.exe after 0.06 seconds
Refreshing native plugins compatible for Editor in 0.97 ms, found 2 plugins.
Preloading 0 native plugins for Editor in 0.00 ms.
Unloading 3704 Unused Serialized files (Serialized files now loaded: 0)
System memory in use before: 154.6 MB.
System memory in use after: 154.8 MB.

Unloading 61 unused Assets to reduce memory usage. Loaded Objects now: 4108.
Total: 6.110200 ms (FindLiveObjects: 0.342700 ms CreateObjectMapping: 0.170800 ms MarkObjects: 5.463100 ms  DeleteObjects: 0.132700 ms)

AssetImportParameters requested are different than current active one (requested -> active):
  custom:framework-win-MediaFoundation: 216162199b28c13a410421893ffa2e32 -> 
  custom:video-decoder-ogg-theora: a1e56fd34408186e4bbccfd4996cb3dc -> 
  custom:container-muxer-webm: aa71ff27fc2769a1b78a27578f13a17b -> 
  custom:container-demuxer-webm: 4f35f7cbe854078d1ac9338744f61a02 -> 
  custom:container-demuxer-ogg: 62fdf1f143b41e24485cea50d1cbac27 -> 
  custom:video-encoder-webm-vp8: eb34c28f22e8b96e1ab97ce403110664 -> 
  custom:video-decoder-webm-vp8: 9c59270c3fd7afecdb556c50c9e8de78 -> 
  custom:audio-decoder-ogg-vorbis: bf7c407c2cedff20999df2af8eb42d56 -> 
  custom:audio-encoder-webm-vorbis: bf7c407c2cedff20999df2af8eb42d56 -> 
========================================================================
Received Import Request.
  path: Assets/Scenes/Loading Scene.unity
  artifactKey: Guid(900932fa90550374e9edccf79394e573) Importer(815301076,1909f56bfc062723c751e8b465ee728b)
Start importing Assets/Scenes/Loading Scene.unity using Guid(900932fa90550374e9edccf79394e573) Importer(815301076,1909f56bfc062723c751e8b465ee728b)  -> (artifact id: '9cefab1a074962e7a0722a1bf920ca6f') in 0.015824 seconds 
  Import took 0.023089 seconds .

========================================================================
Received Import Request.
  Time since last request: 6.112126 seconds.
  path: Assets/Resource/logo.png
  artifactKey: Guid(a3b6ed3f21522e94687dee691324767a) Importer(815301076,1909f56bfc062723c751e8b465ee728b)
Start importing Assets/Resource/logo.png using Guid(a3b6ed3f21522e94687dee691324767a) Importer(815301076,1909f56bfc062723c751e8b465ee728b)  -> (artifact id: 'c87f104808d66b67985180253b6e4e75') in 0.149106 seconds 
  Import took 0.157060 seconds .

========================================================================
Received Import Request.
  Time since last request: 0.000302 seconds.
  path: Assets/Resource/progress-bar.png
  artifactKey: Guid(7f654ce0661a71e4eab1c9d8764ed55b) Importer(815301076,1909f56bfc062723c751e8b465ee728b)
Start importing Assets/Resource/progress-bar.png using Guid(7f654ce0661a71e4eab1c9d8764ed55b) Importer(815301076,1909f56bfc062723c751e8b465ee728b)  -> (artifact id: '59c053034b206cb06571b64ec1ded3ac') in 0.019571 seconds 
  Import took 0.026834 seconds .

========================================================================
Received Import Request.
  Time since last request: 0.000424 seconds.
  path: Assets/Resource/progress-bar-frame.png
  artifactKey: Guid(b1e98d16b8ac3714ba835f979c87c1fc) Importer(815301076,1909f56bfc062723c751e8b465ee728b)
Start importing Assets/Resource/progress-bar-frame.png using Guid(b1e98d16b8ac3714ba835f979c87c1fc) Importer(815301076,1909f56bfc062723c751e8b465ee728b)  -> (artifact id: 'b29f78d4bae3405f843fda0b9a6f95de') in 0.036138 seconds 
  Import took 0.045430 seconds .

========================================================================
Received Prepare
Registering precompiled user dll's ...
Registered in 0.011111 seconds.
Begin MonoManager ReloadAssembly
Native extension for WindowsStandalone target not found
Native extension for WebGL target not found
Refreshing native plugins compatible for Editor in 1.07 ms, found 2 plugins.
Preloading 0 native plugins for Editor in 0.00 ms.
Mono: successfully reloaded assembly
- Completed reload, in  1.564 seconds
Platform modules already initialized, skipping
Switching build target platform(19) subTarget(0) extendedPlatform(0) -> platform(13) subTarget(589824) extendedPlatform(0)
Shader 'Universal Render Pipeline/Particles/Lit': fallback shader 'Universal Render Pipeline/Particles/SimpleLit' not found
Refreshing native plugins compatible for Editor in 1.83 ms, found 2 plugins.
Preloading 0 native plugins for Editor in 0.00 ms.
Unloading 3566 Unused Serialized files (Serialized files now loaded: 0)
System memory in use before: 147.6 MB.
System memory in use after: 147.8 MB.

Unloading 52 unused Assets to reduce memory usage. Loaded Objects now: 4120.
Total: 6.931500 ms (FindLiveObjects: 0.387600 ms CreateObjectMapping: 0.153800 ms MarkObjects: 6.333900 ms  DeleteObjects: 0.055100 ms)

AssetImportParameters requested are different than current active one (requested -> active):
  custom:framework-win-MediaFoundation: 216162199b28c13a410421893ffa2e32 -> 
  custom:video-decoder-ogg-theora: a1e56fd34408186e4bbccfd4996cb3dc -> 
  custom:container-muxer-webm: aa71ff27fc2769a1b78a27578f13a17b -> 
  custom:container-demuxer-webm: 4f35f7cbe854078d1ac9338744f61a02 -> 
  custom:container-demuxer-ogg: 62fdf1f143b41e24485cea50d1cbac27 -> 
  custom:video-encoder-webm-vp8: eb34c28f22e8b96e1ab97ce403110664 -> 
  custom:video-decoder-webm-vp8: 9c59270c3fd7afecdb556c50c9e8de78 -> 
  custom:graphics/normal-map-encoding: 01000000000000000000000000000000 -> 02000000000000000000000000000000
  custom:audio-decoder-ogg-vorbis: bf7c407c2cedff20999df2af8eb42d56 -> 
  custom:audio-encoder-webm-vorbis: bf7c407c2cedff20999df2af8eb42d56 -> 
========================================================================
Received Import Request.
  Time since last request: 40.771340 seconds.
  path: Assets/Resource/LoadingBar_Stroke.png
  artifactKey: Guid(07329446e882bd8479a349674db557b0) Importer(815301076,1909f56bfc062723c751e8b465ee728b)
Start importing Assets/Resource/LoadingBar_Stroke.png using Guid(07329446e882bd8479a349674db557b0) Importer(815301076,1909f56bfc062723c751e8b465ee728b)  -> (artifact id: '4e9a69d11feeb1bd848a9a06f620aad0') in 0.039226 seconds 
  Import took 0.045443 seconds .

========================================================================
Received Import Request.
  Time since last request: 0.000336 seconds.
  path: Assets/Resource/LoadingBar_Fill.png
  artifactKey: Guid(3b44c58766154f144b2428d542f8539d) Importer(815301076,1909f56bfc062723c751e8b465ee728b)
Start importing Assets/Resource/LoadingBar_Fill.png using Guid(3b44c58766154f144b2428d542f8539d) Importer(815301076,1909f56bfc062723c751e8b465ee728b)  -> (artifact id: '5606cfbb254ed0a867de7ee7ed26e1f7') in 0.016457 seconds 
  Import took 0.022803 seconds .

========================================================================
Received Import Request.
  Time since last request: 0.237307 seconds.
  path: Assets/Resource/LoadingBar_Stroke.png
  artifactKey: Guid(07329446e882bd8479a349674db557b0) Importer(815301076,1909f56bfc062723c751e8b465ee728b)
Start importing Assets/Resource/LoadingBar_Stroke.png using Guid(07329446e882bd8479a349674db557b0) Importer(815301076,1909f56bfc062723c751e8b465ee728b)  -> (artifact id: '4e9a69d11feeb1bd848a9a06f620aad0') in 0.019645 seconds 
  Import took 0.029348 seconds .

========================================================================
Received Import Request.
  Time since last request: 1.543586 seconds.
  path: Assets/Resource/LoadingBar_Stroke.png
  artifactKey: Guid(07329446e882bd8479a349674db557b0) Importer(815301076,1909f56bfc062723c751e8b465ee728b)
Start importing Assets/Resource/LoadingBar_Stroke.png using Guid(07329446e882bd8479a349674db557b0) Importer(815301076,1909f56bfc062723c751e8b465ee728b)  -> (artifact id: '6a8a914ac545a01e90985a50001f4da9') in 0.048185 seconds 
  Import took 0.056651 seconds .

========================================================================
Received Import Request.
  Time since last request: 3.625096 seconds.
  path: Assets/Resource/LoadingBar_Fill.png
  artifactKey: Guid(3b44c58766154f144b2428d542f8539d) Importer(815301076,1909f56bfc062723c751e8b465ee728b)
Start importing Assets/Resource/LoadingBar_Fill.png using Guid(3b44c58766154f144b2428d542f8539d) Importer(815301076,1909f56bfc062723c751e8b465ee728b)  -> (artifact id: 'bac1aa0b02b53781bddeaca4c04723d0') in 0.018307 seconds 
  Import took 0.027414 seconds .

========================================================================
Received Prepare
Registering precompiled user dll's ...
Registered in 0.013226 seconds.
Begin MonoManager ReloadAssembly
Native extension for WindowsStandalone target not found
Native extension for WebGL target not found
Refreshing native plugins compatible for Editor in 1.03 ms, found 2 plugins.
Preloading 0 native plugins for Editor in 0.00 ms.
Mono: successfully reloaded assembly
- Completed reload, in  1.356 seconds
Platform modules already initialized, skipping
Switching build target platform(19) subTarget(0) extendedPlatform(0) -> platform(13) subTarget(589824) extendedPlatform(0)
Shader 'Universal Render Pipeline/Particles/Lit': fallback shader 'Universal Render Pipeline/Particles/SimpleLit' not found
Refreshing native plugins compatible for Editor in 1.04 ms, found 2 plugins.
Preloading 0 native plugins for Editor in 0.00 ms.
Unloading 3566 Unused Serialized files (Serialized files now loaded: 0)
System memory in use before: 147.7 MB.
System memory in use after: 147.9 MB.

Unloading 52 unused Assets to reduce memory usage. Loaded Objects now: 4128.
Total: 6.772700 ms (FindLiveObjects: 0.410300 ms CreateObjectMapping: 0.145000 ms MarkObjects: 6.156300 ms  DeleteObjects: 0.059700 ms)

AssetImportParameters requested are different than current active one (requested -> active):
  custom:framework-win-MediaFoundation: 216162199b28c13a410421893ffa2e32 -> 
  custom:video-decoder-ogg-theora: a1e56fd34408186e4bbccfd4996cb3dc -> 
  custom:container-muxer-webm: aa71ff27fc2769a1b78a27578f13a17b -> 
  custom:container-demuxer-webm: 4f35f7cbe854078d1ac9338744f61a02 -> 
  custom:container-demuxer-ogg: 62fdf1f143b41e24485cea50d1cbac27 -> 
  custom:video-encoder-webm-vp8: eb34c28f22e8b96e1ab97ce403110664 -> 
  custom:video-decoder-webm-vp8: 9c59270c3fd7afecdb556c50c9e8de78 -> 
  custom:graphics/normal-map-encoding: 01000000000000000000000000000000 -> 02000000000000000000000000000000
  custom:audio-decoder-ogg-vorbis: bf7c407c2cedff20999df2af8eb42d56 -> 
  custom:audio-encoder-webm-vorbis: bf7c407c2cedff20999df2af8eb42d56 -> 
========================================================================
Received Prepare
Registering precompiled user dll's ...
Registered in 0.013126 seconds.
Begin MonoManager ReloadAssembly
Native extension for WindowsStandalone target not found
Native extension for WebGL target not found
Refreshing native plugins compatible for Editor in 0.89 ms, found 2 plugins.
Preloading 0 native plugins for Editor in 0.00 ms.
Mono: successfully reloaded assembly
- Completed reload, in  1.379 seconds
Platform modules already initialized, skipping
Switching build target platform(19) subTarget(0) extendedPlatform(0) -> platform(13) subTarget(589824) extendedPlatform(0)
Shader 'Universal Render Pipeline/Particles/Lit': fallback shader 'Universal Render Pipeline/Particles/SimpleLit' not found
Refreshing native plugins compatible for Editor in 0.91 ms, found 2 plugins.
Preloading 0 native plugins for Editor in 0.00 ms.
Unloading 3566 Unused Serialized files (Serialized files now loaded: 0)
System memory in use before: 147.7 MB.
System memory in use after: 147.9 MB.

Unloading 52 unused Assets to reduce memory usage. Loaded Objects now: 4132.
Total: 6.372300 ms (FindLiveObjects: 0.334300 ms CreateObjectMapping: 0.184600 ms MarkObjects: 5.756300 ms  DeleteObjects: 0.095700 ms)

AssetImportParameters requested are different than current active one (requested -> active):
  custom:framework-win-MediaFoundation: 216162199b28c13a410421893ffa2e32 -> 
  custom:video-decoder-ogg-theora: a1e56fd34408186e4bbccfd4996cb3dc -> 
  custom:container-muxer-webm: aa71ff27fc2769a1b78a27578f13a17b -> 
  custom:container-demuxer-webm: 4f35f7cbe854078d1ac9338744f61a02 -> 
  custom:container-demuxer-ogg: 62fdf1f143b41e24485cea50d1cbac27 -> 
  custom:video-encoder-webm-vp8: eb34c28f22e8b96e1ab97ce403110664 -> 
  custom:video-decoder-webm-vp8: 9c59270c3fd7afecdb556c50c9e8de78 -> 
  custom:graphics/normal-map-encoding: 01000000000000000000000000000000 -> 02000000000000000000000000000000
  custom:audio-decoder-ogg-vorbis: bf7c407c2cedff20999df2af8eb42d56 -> 
  custom:audio-encoder-webm-vorbis: bf7c407c2cedff20999df2af8eb42d56 -> 
========================================================================
Received Import Request.
  Time since last request: 262.854860 seconds.
  path: Assets/Resource/Logo 1.png
  artifactKey: Guid(adec13302459ab14aa12fbf621c4f3d1) Importer(815301076,1909f56bfc062723c751e8b465ee728b)
Start importing Assets/Resource/Logo 1.png using Guid(adec13302459ab14aa12fbf621c4f3d1) Importer(815301076,1909f56bfc062723c751e8b465ee728b)  -> (artifact id: '982c40e64cc300df24ffaf7534681fc1') in 0.040367 seconds 
  Import took 0.050764 seconds .

========================================================================
Received Import Request.
  Time since last request: 3.412464 seconds.
  path: Assets/Resource/Logo 1.png
  artifactKey: Guid(adec13302459ab14aa12fbf621c4f3d1) Importer(815301076,1909f56bfc062723c751e8b465ee728b)
Start importing Assets/Resource/Logo 1.png using Guid(adec13302459ab14aa12fbf621c4f3d1) Importer(815301076,1909f56bfc062723c751e8b465ee728b)  -> (artifact id: '8900cf95a550b6e8adab665e5d398752') in 0.052262 seconds 
  Import took 0.059314 seconds .

========================================================================
Received Prepare
Registering precompiled user dll's ...
Registered in 0.009756 seconds.
Begin MonoManager ReloadAssembly
Native extension for WindowsStandalone target not found
Native extension for WebGL target not found
Refreshing native plugins compatible for Editor in 1.38 ms, found 2 plugins.
Preloading 0 native plugins for Editor in 0.00 ms.
Mono: successfully reloaded assembly
- Completed reload, in  1.470 seconds
Platform modules already initialized, skipping
Switching build target platform(19) subTarget(0) extendedPlatform(0) -> platform(13) subTarget(589824) extendedPlatform(0)
Shader 'Universal Render Pipeline/Particles/Lit': fallback shader 'Universal Render Pipeline/Particles/SimpleLit' not found
Refreshing native plugins compatible for Editor in 0.93 ms, found 2 plugins.
Preloading 0 native plugins for Editor in 0.00 ms.
Unloading 3566 Unused Serialized files (Serialized files now loaded: 0)
System memory in use before: 147.7 MB.
System memory in use after: 147.9 MB.

Unloading 52 unused Assets to reduce memory usage. Loaded Objects now: 4139.
Total: 6.207400 ms (FindLiveObjects: 0.338600 ms CreateObjectMapping: 0.147900 ms MarkObjects: 5.629200 ms  DeleteObjects: 0.090800 ms)

AssetImportParameters requested are different than current active one (requested -> active):
  custom:framework-win-MediaFoundation: 216162199b28c13a410421893ffa2e32 -> 
  custom:video-decoder-ogg-theora: a1e56fd34408186e4bbccfd4996cb3dc -> 
  custom:container-muxer-webm: aa71ff27fc2769a1b78a27578f13a17b -> 
  custom:container-demuxer-webm: 4f35f7cbe854078d1ac9338744f61a02 -> 
  custom:container-demuxer-ogg: 62fdf1f143b41e24485cea50d1cbac27 -> 
  custom:video-encoder-webm-vp8: eb34c28f22e8b96e1ab97ce403110664 -> 
  custom:video-decoder-webm-vp8: 9c59270c3fd7afecdb556c50c9e8de78 -> 
  custom:graphics/normal-map-encoding: 01000000000000000000000000000000 -> 02000000000000000000000000000000
  custom:audio-decoder-ogg-vorbis: bf7c407c2cedff20999df2af8eb42d56 -> 
  custom:audio-encoder-webm-vorbis: bf7c407c2cedff20999df2af8eb42d56 -> 
